<?xml version="1.0" encoding="UTF-8"?>
<testsuite name="com.bridgelabz.userRegistrationTest" tests="1" skipped="0" failures="0" errors="0" timestamp="2021-04-16T15:10:36" hostname="LAPTOP-VF2NKI96" time="0.029">
  <properties/>
  <testcase name="testNotValidateFirstName()" classname="com.bridgelabz.userRegistrationTest" time="0.029"/>
  <system-out><![CDATA[]]></system-out>
  <system-err><![CDATA[]]></system-err>
</testsuite>
