<?xml version="1.0" encoding="UTF-8"?>
<testsuite name="com.bridgelabz.UserValidationTest" tests="1" skipped="0" failures="0" errors="0" timestamp="2021-04-16T15:43:49" hostname="LAPTOP-VF2NKI96" time="0.041">
  <properties/>
  <testcase name="testInvalidSkipSpecialCharacterPassword()" classname="com.bridgelabz.UserValidationTest" time="0.041"/>
  <system-out><![CDATA[]]></system-out>
  <system-err><![CDATA[]]></system-err>
</testsuite>
